<?xml version="1.0" encoding="UTF-8"?>
<testsuite xmlns:xsi="http://www.w3.org/2001/XMLSchema-instance" xsi:noNamespaceSchemaLocation="https://maven.apache.org/surefire/maven-surefire-plugin/xsd/surefire-test-report-3.0.xsd" version="3.0" name="com.example.RunCucumberTest" time="0.278" tests="9" errors="0" skipped="0" failures="0">
  <properties>
    <property name="java.specification.version" value="24"/>
    <property name="sun.jnu.encoding" value="UTF-8"/>
    <property name="java.class.path" value="/Users/apple/cursor test/AI-100x-SE-Join-Quest/target/test-classes:/Users/apple/cursor test/AI-100x-SE-Join-Quest/target/classes:/Users/apple/.m2/repository/io/cucumber/cucumber-java/7.15.0/cucumber-java-7.15.0.jar:/Users/apple/.m2/repository/io/cucumber/cucumber-core/7.15.0/cucumber-core-7.15.0.jar:/Users/apple/.m2/repository/io/cucumber/cucumber-gherkin/7.15.0/cucumber-gherkin-7.15.0.jar:/Users/apple/.m2/repository/io/cucumber/cucumber-gherkin-messages/7.15.0/cucumber-gherkin-messages-7.15.0.jar:/Users/apple/.m2/repository/io/cucumber/gherkin/26.2.0/gherkin-26.2.0.jar:/Users/apple/.m2/repository/io/cucumber/messages/22.0.0/messages-22.0.0.jar:/Users/apple/.m2/repository/io/cucumber/tag-expressions/6.0.0/tag-expressions-6.0.0.jar:/Users/apple/.m2/repository/io/cucumber/cucumber-expressions/17.0.1/cucumber-expressions-17.0.1.jar:/Users/apple/.m2/repository/io/cucumber/datatable/7.15.0/datatable-7.15.0.jar:/Users/apple/.m2/repository/io/cucumber/cucumber-plugin/7.15.0/cucumber-plugin-7.15.0.jar:/Users/apple/.m2/repository/io/cucumber/docstring/7.15.0/docstring-7.15.0.jar:/Users/apple/.m2/repository/io/cucumber/html-formatter/20.4.0/html-formatter-20.4.0.jar:/Users/apple/.m2/repository/io/cucumber/junit-xml-formatter/0.2.0/junit-xml-formatter-0.2.0.jar:/Users/apple/.m2/repository/io/cucumber/ci-environment/10.0.0/ci-environment-10.0.0.jar:/Users/apple/.m2/repository/org/apiguardian/apiguardian-api/1.1.2/apiguardian-api-1.1.2.jar:/Users/apple/.m2/repository/io/cucumber/cucumber-junit-platform-engine/7.15.0/cucumber-junit-platform-engine-7.15.0.jar:/Users/apple/.m2/repository/org/junit/platform/junit-platform-engine/1.10.1/junit-platform-engine-1.10.1.jar:/Users/apple/.m2/repository/org/opentest4j/opentest4j/1.3.0/opentest4j-1.3.0.jar:/Users/apple/.m2/repository/org/junit/platform/junit-platform-commons/1.10.1/junit-platform-commons-1.10.1.jar:/Users/apple/.m2/repository/org/junit/platform/junit-platform-suite/1.10.0/junit-platform-suite-1.10.0.jar:/Users/apple/.m2/repository/org/junit/platform/junit-platform-suite-api/1.10.0/junit-platform-suite-api-1.10.0.jar:/Users/apple/.m2/repository/org/junit/platform/junit-platform-suite-engine/1.10.0/junit-platform-suite-engine-1.10.0.jar:/Users/apple/.m2/repository/org/junit/platform/junit-platform-suite-commons/1.10.0/junit-platform-suite-commons-1.10.0.jar:/Users/apple/.m2/repository/org/junit/platform/junit-platform-launcher/1.10.0/junit-platform-launcher-1.10.0.jar:/Users/apple/.m2/repository/org/junit/jupiter/junit-jupiter/5.10.0/junit-jupiter-5.10.0.jar:/Users/apple/.m2/repository/org/junit/jupiter/junit-jupiter-api/5.10.0/junit-jupiter-api-5.10.0.jar:/Users/apple/.m2/repository/org/junit/jupiter/junit-jupiter-params/5.10.0/junit-jupiter-params-5.10.0.jar:/Users/apple/.m2/repository/org/junit/jupiter/junit-jupiter-engine/5.10.0/junit-jupiter-engine-5.10.0.jar:"/>
    <property name="java.vm.vendor" value="Homebrew"/>
    <property name="sun.arch.data.model" value="64"/>
    <property name="java.vendor.url" value="https://github.com/Homebrew/homebrew-core/issues"/>
    <property name="user.timezone" value="Asia/Taipei"/>
    <property name="os.name" value="Mac OS X"/>
    <property name="java.vm.specification.version" value="24"/>
    <property name="sun.java.launcher" value="SUN_STANDARD"/>
    <property name="user.country" value="TW"/>
    <property name="sun.boot.library.path" value="/opt/homebrew/Cellar/openjdk/24.0.1/libexec/openjdk.jdk/Contents/Home/lib"/>
    <property name="sun.java.command" value="/Users/apple/cursor test/AI-100x-SE-Join-Quest/target/surefire/surefirebooter-20250708230107158_3.jar /Users/apple/cursor test/AI-100x-SE-Join-Quest/target/surefire 2025-07-08T23-01-07_102-jvmRun1 surefire-20250708230107158_1tmp surefire_0-20250708230107158_2tmp"/>
    <property name="http.nonProxyHosts" value="local|*.local|169.254/16|*.169.254/16"/>
    <property name="jdk.debug" value="release"/>
    <property name="surefire.test.class.path" value="/Users/apple/cursor test/AI-100x-SE-Join-Quest/target/test-classes:/Users/apple/cursor test/AI-100x-SE-Join-Quest/target/classes:/Users/apple/.m2/repository/io/cucumber/cucumber-java/7.15.0/cucumber-java-7.15.0.jar:/Users/apple/.m2/repository/io/cucumber/cucumber-core/7.15.0/cucumber-core-7.15.0.jar:/Users/apple/.m2/repository/io/cucumber/cucumber-gherkin/7.15.0/cucumber-gherkin-7.15.0.jar:/Users/apple/.m2/repository/io/cucumber/cucumber-gherkin-messages/7.15.0/cucumber-gherkin-messages-7.15.0.jar:/Users/apple/.m2/repository/io/cucumber/gherkin/26.2.0/gherkin-26.2.0.jar:/Users/apple/.m2/repository/io/cucumber/messages/22.0.0/messages-22.0.0.jar:/Users/apple/.m2/repository/io/cucumber/tag-expressions/6.0.0/tag-expressions-6.0.0.jar:/Users/apple/.m2/repository/io/cucumber/cucumber-expressions/17.0.1/cucumber-expressions-17.0.1.jar:/Users/apple/.m2/repository/io/cucumber/datatable/7.15.0/datatable-7.15.0.jar:/Users/apple/.m2/repository/io/cucumber/cucumber-plugin/7.15.0/cucumber-plugin-7.15.0.jar:/Users/apple/.m2/repository/io/cucumber/docstring/7.15.0/docstring-7.15.0.jar:/Users/apple/.m2/repository/io/cucumber/html-formatter/20.4.0/html-formatter-20.4.0.jar:/Users/apple/.m2/repository/io/cucumber/junit-xml-formatter/0.2.0/junit-xml-formatter-0.2.0.jar:/Users/apple/.m2/repository/io/cucumber/ci-environment/10.0.0/ci-environment-10.0.0.jar:/Users/apple/.m2/repository/org/apiguardian/apiguardian-api/1.1.2/apiguardian-api-1.1.2.jar:/Users/apple/.m2/repository/io/cucumber/cucumber-junit-platform-engine/7.15.0/cucumber-junit-platform-engine-7.15.0.jar:/Users/apple/.m2/repository/org/junit/platform/junit-platform-engine/1.10.1/junit-platform-engine-1.10.1.jar:/Users/apple/.m2/repository/org/opentest4j/opentest4j/1.3.0/opentest4j-1.3.0.jar:/Users/apple/.m2/repository/org/junit/platform/junit-platform-commons/1.10.1/junit-platform-commons-1.10.1.jar:/Users/apple/.m2/repository/org/junit/platform/junit-platform-suite/1.10.0/junit-platform-suite-1.10.0.jar:/Users/apple/.m2/repository/org/junit/platform/junit-platform-suite-api/1.10.0/junit-platform-suite-api-1.10.0.jar:/Users/apple/.m2/repository/org/junit/platform/junit-platform-suite-engine/1.10.0/junit-platform-suite-engine-1.10.0.jar:/Users/apple/.m2/repository/org/junit/platform/junit-platform-suite-commons/1.10.0/junit-platform-suite-commons-1.10.0.jar:/Users/apple/.m2/repository/org/junit/platform/junit-platform-launcher/1.10.0/junit-platform-launcher-1.10.0.jar:/Users/apple/.m2/repository/org/junit/jupiter/junit-jupiter/5.10.0/junit-jupiter-5.10.0.jar:/Users/apple/.m2/repository/org/junit/jupiter/junit-jupiter-api/5.10.0/junit-jupiter-api-5.10.0.jar:/Users/apple/.m2/repository/org/junit/jupiter/junit-jupiter-params/5.10.0/junit-jupiter-params-5.10.0.jar:/Users/apple/.m2/repository/org/junit/jupiter/junit-jupiter-engine/5.10.0/junit-jupiter-engine-5.10.0.jar:"/>
    <property name="sun.cpu.endian" value="little"/>
    <property name="user.home" value="/Users/apple"/>
    <property name="user.language" value="zh"/>
    <property name="java.specification.vendor" value="Oracle Corporation"/>
    <property name="java.version.date" value="2025-04-15"/>
    <property name="java.home" value="/opt/homebrew/Cellar/openjdk/24.0.1/libexec/openjdk.jdk/Contents/Home"/>
    <property name="file.separator" value="/"/>
    <property name="basedir" value="/Users/apple/cursor test/AI-100x-SE-Join-Quest"/>
    <property name="java.vm.compressedOopsMode" value="Zero based"/>
    <property name="line.separator" value="&#10;"/>
    <property name="java.vm.specification.vendor" value="Oracle Corporation"/>
    <property name="java.specification.name" value="Java Platform API Specification"/>
    <property name="apple.awt.application.name" value="ForkedBooter"/>
    <property name="surefire.real.class.path" value="/Users/apple/cursor test/AI-100x-SE-Join-Quest/target/surefire/surefirebooter-20250708230107158_3.jar"/>
    <property name="user.script" value="Hant"/>
    <property name="sun.management.compiler" value="HotSpot 64-Bit Tiered Compilers"/>
    <property name="ftp.nonProxyHosts" value="local|*.local|169.254/16|*.169.254/16"/>
    <property name="java.runtime.version" value="24.0.1"/>
    <property name="user.name" value="apple"/>
    <property name="stdout.encoding" value="UTF-8"/>
    <property name="path.separator" value=":"/>
    <property name="os.version" value="15.4.1"/>
    <property name="java.runtime.name" value="OpenJDK Runtime Environment"/>
    <property name="file.encoding" value="UTF-8"/>
    <property name="java.vm.name" value="OpenJDK 64-Bit Server VM"/>
    <property name="java.vendor.version" value="Homebrew"/>
    <property name="localRepository" value="/Users/apple/.m2/repository"/>
    <property name="java.vendor.url.bug" value="https://github.com/Homebrew/homebrew-core/issues"/>
    <property name="java.io.tmpdir" value="/var/folders/34/y42pmrpn04scrsh_zpc5c5lm0000gn/T/"/>
    <property name="java.version" value="24.0.1"/>
    <property name="user.dir" value="/Users/apple/cursor test/AI-100x-SE-Join-Quest"/>
    <property name="os.arch" value="aarch64"/>
    <property name="java.vm.specification.name" value="Java Virtual Machine Specification"/>
    <property name="native.encoding" value="UTF-8"/>
    <property name="java.library.path" value="/Users/apple/Library/Java/Extensions:/Library/Java/Extensions:/Network/Library/Java/Extensions:/System/Library/Java/Extensions:/usr/lib/java:."/>
    <property name="java.vm.info" value="mixed mode, sharing"/>
    <property name="stderr.encoding" value="UTF-8"/>
    <property name="java.vendor" value="Homebrew"/>
    <property name="java.vm.version" value="24.0.1"/>
    <property name="sun.io.unicode.encoding" value="UnicodeBig"/>
    <property name="socksNonProxyHosts" value="local|*.local|169.254/16|*.169.254/16"/>
    <property name="java.class.version" value="68.0"/>
  </properties>
  <testcase name="Example #1.1" classname="Examples" time="0.037"/>
  <testcase name="Example #1.2" classname="Examples" time="0.002"/>
  <testcase name="No discount for 10 different product items" classname="November Double Eleven Discount" time="0.002"/>
  <testcase name="Single product without promotions" classname="E-commerce Order Pricing Promotions" time="0.002"/>
  <testcase name="Threshold discount applies when subtotal reaches 1000" classname="E-commerce Order Pricing Promotions" time="0.002"/>
  <testcase name="Buy-one-get-one for cosmetics - multiple products" classname="E-commerce Order Pricing Promotions" time="0.001"/>
  <testcase name="Buy-one-get-one for cosmetics - same product twice" classname="E-commerce Order Pricing Promotions" time="0.001"/>
  <testcase name="Buy-one-get-one for cosmetics - mixed categories" classname="E-commerce Order Pricing Promotions" time="0.002"/>
  <testcase name="Multiple promotions stacked" classname="E-commerce Order Pricing Promotions" time="0.004"/>
</testsuite>